INFO:root:RSA-nøgler genereret
INFO:root:RSA-nøgler genereret
INFO:root:RSA-nøgler genereret
INFO:root:Fil krypteret: /Users/saiemqureshi/Documents/Skærmbillede 2025-03-18 kl. 15.41.28.png.enc
INFO:root:Fil dekrypteret: /Users/saiemqureshi/Documents/Skærmbillede 2025-03-18 kl. 15.41.28.png_decrypted
INFO:root:RSA-nøgler genereret
INFO:root:RSA-nøgler genereret
INFO:root:RSA-nøgler genereret
INFO:root:RSA-nøgler genereret
INFO:root:RSA-nøgler genereret
INFO:root:RSA-nøgler genereret
INFO:root:Fil krypteret: /Users/saiemqureshi/Documents/Skærmbillede 2025-03-18 kl. 15.41.28.png.enc
INFO:root:RSA-nøgler genereret
INFO:root:RSA-nøgler genereret
INFO:root:RSA-nøgler genereret
INFO:root:RSA-nøgler genereret
INFO:root:Fil krypteret: /Users/saiemqureshi/Documents/Skærmbillede 2025-03-18 kl. 15.41.28.png.enc
INFO:root:Fil dekrypteret: /Users/saiemqureshi/Documents/Skærmbillede 2025-03-18 kl. 15.41.28.png
INFO:root:RSA-nøgler genereret
INFO:root:Fil krypteret: /Users/saiemqureshi/Documents/Skærmbillede 2025-03-18 kl. 15.41.28.png.enc
INFO:root:Fil dekrypteret: /Users/saiemqureshi/Documents/Skærmbillede 2025-03-18 kl. 15.41.28.png
INFO:root:RSA-nøgler genereret
INFO:root:RSA-nøgler genereret
INFO:root:Fil krypteret: /Users/saiemqureshi/Documents/Skærmbillede 2025-02-28 kl. 11.19.19.png.enc
INFO:root:Fil dekrypteret: /Users/saiemqureshi/Documents/Skærmbillede 2025-02-28 kl. 11.19.19.png
INFO:root:RSA-nøgler genereret
INFO:root:Fil krypteret: /Users/saiemqureshi/Downloads/Optimering - METODE - og nogle opgaver.pdf.enc
INFO:root:Fil dekrypteret: /Users/saiemqureshi/Downloads/Optimering - METODE - og nogle opgaver.pdf
INFO:root:RSA-nøgler genereret
INFO:root:RSA-nøgler genereret
INFO:root:Fil krypteret: /Users/saiemqureshi/Downloads/Optimering - METODE - og nogle opgaver.pdf.enc
INFO:root:Fil dekrypteret: /Users/saiemqureshi/Downloads/Optimering - METODE - og nogle opgaver.pdf
